Der Buildvorgang wurde am 25.11.2016 22:20:46 gestartet.
     1>Projekt "D:\TU\Semester 6\Visualisierung\newRepos\Visualisierung\Visualisierung1.vcxproj" auf Knoten "2", Build Ziel(e).
     1>Link:
         C:\Program Files (x86)\Microsoft Visual Studio 12.0\VC\bin\link.exe /ERRORREPORT:PROMPT /OUT:"bin\Win32\Debug\Visualisierung1.exe" /INCREMENTAL /NOLOGO /LIBPATH:lib\glew\lib /LIBPATH:lib\qt\lib\Win32 glew32d.lib opengl32.lib glu32.lib Qt5CLucened.lib Qt5Cored.lib Qt5Guid.lib Qt5OpenGLd.lib Qt5OpenGLExtensionsd.lib Qt5PlatformSupportd.lib Qt5UiToolsd.lib Qt5Widgetsd.lib qtmaind.lib kernel32.lib user32.lib gdi32.lib winspool.lib comdlg32.lib advapi32.lib shell32.lib ole32.lib oleaut32.lib uuid.lib odbc32.lib odbccp32.lib /MANIFEST /MANIFESTUAC:"level='asInvoker' uiAccess='false'" /manifest:embed /DEBUG /PDB:"bin\Win32\Debug\Visualisierung1.pdb" /TLBID:1 /DYNAMICBASE /NXCOMPAT /IMPLIB:"bin\Win32\Debug\Visualisierung1.lib" /MACHINE:X86 tmp\Win32\Debug\moc_MainWindow.obj
         tmp\Win32\Debug\EulerIntegrator.obj
         tmp\Win32\Debug\EvenSpacedSeedGenerator.obj
         tmp\Win32\Debug\Integrator.obj
         tmp\Win32\Debug\Main.obj
         tmp\Win32\Debug\MainWindow.obj
         tmp\Win32\Debug\MultiSet.obj
         tmp\Win32\Debug\RandomSeedGenerator.obj
         tmp\Win32\Debug\RungeKuttaIntegrator.obj
         tmp\Win32\Debug\SeedGenerator.obj
         tmp\Win32\Debug\Vector.obj
         tmp\Win32\Debug\VectorField.obj
         tmp\Win32\Debug\Volume.obj
         tmp\Win32\Debug\Widget.obj
         tmp\Win32\Debug\Window.obj
         Visualisierung1.vcxproj -> D:\TU\Semester 6\Visualisierung\newRepos\Visualisierung\bin\Win32\Debug\Visualisierung1.exe
     1>Die Erstellung des Projekts "D:\TU\Semester 6\Visualisierung\newRepos\Visualisierung\Visualisierung1.vcxproj" ist abgeschlossen, Build Ziel(e).

Build erfolgreich.

Verstrichene Zeit 00:00:00.67
